# JRE version: OpenJDK Runtime Environment (11.0.10) (build 11.0.10+0-b96-7249189)
# Java VM: OpenJDK 64-Bit Server VM (11.0.10+0-b96-7249189, mixed mode, tiered, compressed oops, g1 gc, windows-amd64)
Heap:
 garbage-first heap   total 199680K, used 129577K [0x0000000080000000, 0x0000000100000000)
  region size 1024K, 7 young (7168K), 1 survivors (1024K)
 Metaspace       used 126513K, capacity 129057K, committed 130432K, reserved 1163264K
  class space    used 15546K, capacity 16470K, committed 16768K, reserved 1048576K
GC Heap History (20 events):
Event: 553.184 GC heap before
{Heap before GC invocations=140 (full 0):
 garbage-first heap   total 199680K, used 173261K [0x0000000080000000, 0x0000000100000000)
  region size 1024K, 44 young (45056K), 4 survivors (4096K)
 Metaspace       used 122950K, capacity 125845K, committed 126080K, reserved 1159168K
  class space    used 15364K, capacity 16413K, committed 16512K, reserved 1048576K
}
Event: 553.204 GC heap after
{Heap after GC invocations=141 (full 0):
 garbage-first heap   total 199680K, used 134466K [0x0000000080000000, 0x0000000100000000)
  region size 1024K, 5 young (5120K), 5 survivors (5120K)
 Metaspace       used 122950K, capacity 125845K, committed 126080K, reserved 1159168K
  class space    used 15364K, capacity 16413K, committed 16512K, reserved 1048576K
}
Event: 620.791 GC heap before
{Heap before GC invocations=141 (full 0):
 garbage-first heap   total 199680K, used 173378K [0x0000000080000000, 0x0000000100000000)
  region size 1024K, 43 young (44032K), 5 survivors (5120K)
 Metaspace       used 123163K, capacity 126119K, committed 126336K, reserved 1159168K
  class space    used 15365K, capacity 16415K, committed 16512K, reserved 1048576K
}
Event: 620.810 GC heap after
{Heap after GC invocations=142 (full 0):
 garbage-first heap   total 199680K, used 134860K [0x0000000080000000, 0x0000000100000000)
  region size 1024K, 3 young (3072K), 3 survivors (3072K)
 Metaspace       used 123163K, capacity 126119K, committed 126336K, reserved 1159168K
  class space    used 15365K, capacity 16415K, committed 16512K, reserved 1048576K
}
Event: 1132.012 GC heap before
{Heap before GC invocations=142 (full 0):
 garbage-first heap   total 199680K, used 171724K [0x0000000080000000, 0x0000000100000000)
  region size 1024K, 40 young (40960K), 3 survivors (3072K)
 Metaspace       used 127089K, capacity 130059K, committed 130176K, reserved 1163264K
  class space    used 15701K, capacity 16765K, committed 16768K, reserved 1048576K
}
Event: 1132.792 GC heap after
{Heap after GC invocations=143 (full 0):
 garbage-first heap   total 199680K, used 135432K [0x0000000080000000, 0x0000000100000000)
  region size 1024K, 4 young (4096K), 4 survivors (4096K)
 Metaspace       used 127089K, capacity 130059K, committed 130176K, reserved 1163264K
  class space    used 15701K, capacity 16765K, committed 16768K, reserved 1048576K
}
Event: 3229.205 GC heap before
{Heap before GC invocations=144 (full 0):
 garbage-first heap   total 199680K, used 172296K [0x0000000080000000, 0x0000000100000000)
  region size 1024K, 41 young (41984K), 4 survivors (4096K)
 Metaspace       used 127173K, capacity 130123K, committed 130176K, reserved 1163264K
  class space    used 15701K, capacity 16765K, committed 16768K, reserved 1048576K
}
Event: 3241.099 GC heap after
{Heap after GC invocations=145 (full 0):
 garbage-first heap   total 199680K, used 134258K [0x0000000080000000, 0x0000000100000000)
  region size 1024K, 3 young (3072K), 3 survivors (3072K)
 Metaspace       used 127173K, capacity 130123K, committed 130176K, reserved 1163264K
  class space    used 15701K, capacity 16765K, committed 16768K, reserved 1048576K
}
Event: 3556.237 GC heap before
{Heap before GC invocations=145 (full 0):
 garbage-first heap   total 199680K, used 139378K [0x0000000080000000, 0x0000000100000000)
  region size 1024K, 9 young (9216K), 3 survivors (3072K)
 Metaspace       used 127174K, capacity 130123K, committed 130176K, reserved 1163264K
  class space    used 15701K, capacity 16765K, committed 16768K, reserved 1048576K
}
Event: 3558.920 GC heap after
{Heap after GC invocations=146 (full 0):
 garbage-first heap   total 199680K, used 129661K [0x0000000080000000, 0x0000000100000000)
  region size 1024K, 1 young (1024K), 1 survivors (1024K)
 Metaspace       used 127174K, capacity 130123K, committed 130176K, reserved 1163264K
  class space    used 15701K, capacity 16765K, committed 16768K, reserved 1048576K
}
Event: 4794.831 GC heap before
{Heap before GC invocations=146 (full 0):
 garbage-first heap   total 199680K, used 137853K [0x0000000080000000, 0x0000000100000000)
  region size 1024K, 9 young (9216K), 1 survivors (1024K)
 Metaspace       used 127177K, capacity 130124K, committed 130176K, reserved 1163264K
  class space    used 15701K, capacity 16765K, committed 16768K, reserved 1048576K
}
Event: 4799.753 GC heap after
{Heap after GC invocations=147 (full 0):
 garbage-first heap   total 199680K, used 129607K [0x0000000080000000, 0x0000000100000000)
  region size 1024K, 1 young (1024K), 1 survivors (1024K)
 Metaspace       used 127177K, capacity 130124K, committed 130176K, reserved 1163264K
  class space    used 15701K, capacity 16765K, committed 16768K, reserved 1048576K
}
Event: 4803.676 GC heap before
{Heap before GC invocations=147 (full 0):
 garbage-first heap   total 199680K, used 137799K [0x0000000080000000, 0x0000000100000000)
  region size 1024K, 9 young (9216K), 1 survivors (1024K)
 Metaspace       used 127177K, capacity 130124K, committed 130176K, reserved 1163264K
  class space    used 15701K, capacity 16765K, committed 16768K, reserved 1048576K
}
Event: 4821.144 GC heap after
{Heap after GC invocations=148 (full 0):
 garbage-first heap   total 199680K, used 129615K [0x0000000080000000, 0x0000000100000000)
  region size 1024K, 1 young (1024K), 1 survivors (1024K)
 Metaspace       used 127177K, capacity 130124K, committed 130176K, reserved 1163264K
  class space    used 15701K, capacity 16765K, committed 16768K, reserved 1048576K
}
Event: 4853.112 GC heap before
{Heap before GC invocations=148 (full 0):
 garbage-first heap   total 199680K, used 137807K [0x0000000080000000, 0x0000000100000000)
  region size 1024K, 9 young (9216K), 1 survivors (1024K)
 Metaspace       used 127179K, capacity 130124K, committed 130176K, reserved 1163264K
  class space    used 15701K, capacity 16765K, committed 16768K, reserved 1048576K
}
Event: 4853.149 GC heap after
{Heap after GC invocations=149 (full 0):
 garbage-first heap   total 199680K, used 129594K [0x0000000080000000, 0x0000000100000000)
  region size 1024K, 1 young (1024K), 1 survivors (1024K)
 Metaspace       used 127179K, capacity 130124K, committed 130176K, reserved 1163264K
  class space    used 15701K, capacity 16765K, committed 16768K, reserved 1048576K
}
Event: 5286.277 GC heap before
{Heap before GC invocations=150 (full 0):
 garbage-first heap   total 199680K, used 137786K [0x0000000080000000, 0x0000000100000000)
  region size 1024K, 9 young (9216K), 1 survivors (1024K)
 Metaspace       used 126476K, capacity 129036K, committed 130432K, reserved 1163264K
  class space    used 15541K, capacity 16466K, committed 16768K, reserved 1048576K
}
Event: 5286.637 GC heap after
{Heap after GC invocations=151 (full 0):
 garbage-first heap   total 199680K, used 129557K [0x0000000080000000, 0x0000000100000000)
  region size 1024K, 1 young (1024K), 1 survivors (1024K)
 Metaspace       used 126476K, capacity 129036K, committed 130432K, reserved 1163264K
  class space    used 15541K, capacity 16466K, committed 16768K, reserved 1048576K
}
Event: 5751.702 GC heap before
{Heap before GC invocations=151 (full 0):
 garbage-first heap   total 199680K, used 137749K [0x0000000080000000, 0x0000000100000000)
  region size 1024K, 9 young (9216K), 1 survivors (1024K)
 Metaspace       used 126482K, capacity 129036K, committed 130432K, reserved 1163264K
  class space    used 15541K, capacity 16466K, committed 16768K, reserved 1048576K
}
Event: 5772.132 GC heap after
{Heap after GC invocations=152 (full 0):
 garbage-first heap   total 199680K, used 124457K [0x0000000080000000, 0x0000000100000000)
  region size 1024K, 1 young (1024K), 1 survivors (1024K)
 Metaspace       used 126482K, capacity 129036K, committed 130432K, reserved 1163264K
  class space    used 15541K, capacity 16466K, committed 16768K, reserved 1048576K
}

